\BOOKMARK [1][-]{section.1}{\376\377\000I\000n\000t\000r\000o\000d\000u\000c\000t\000i\000o\000n\000\040\000:\000\040\000W\000h\000a\000t\000\040\000i\000s\000\040\000a\000n\000\040\000I\000n\000s\000t\000a\000n\000t\000o\000n\000?}{}% 1
\BOOKMARK [1][-]{section.2}{\376\377\000I\000n\000s\000t\000a\000n\000t\000o\000n\000\040\000e\000f\000f\000e\000c\000t\000\040\000i\000n\000\040\000P\000a\000t\000h\000\040\000I\000n\000t\000e\000g\000r\000a\000l\000\040\000:\000\040\000a\000\040\000T\000o\000y\000\040\000M\000o\000d\000e\000l}{}% 2
\BOOKMARK [2][-]{subsection.2.1}{\376\377\0000\000+\0001\000\040\000D\000i\000m\000e\000n\000s\000i\000o\000n\000a\000l\000\040\000T\000o\000y\000\040\000M\000o\000d\000e\000l\000\040\000:\000\040\000Q\000M\000\040\000w\000i\000t\000h\000\040\000a\000\040\000d\000o\000u\000b\000l\000e\000\040\000w\000e\000l\000l\000\040\000p\000o\000t\000e\000n\000t\000i\000a\000l}{section.2}% 3
\BOOKMARK [2][-]{subsection.2.2}{\376\377\000P\000a\000t\000h\000\040\000I\000n\000t\000e\000g\000r\000a\000l\000\040\000F\000o\000r\000m\000u\000l\000a\000t\000i\000o\000n\000\040\000a\000n\000d\000\040\000W\000i\000c\000k\000\040\000R\000o\000t\000a\000t\000i\000o\000n}{section.2}% 4
\BOOKMARK [2][-]{subsection.2.3}{\376\377\000I\000n\000s\000t\000a\000n\000t\000o\000n\000\040\000S\000o\000l\000u\000t\000i\000o\000n\000s\000\040\000i\000n\000\040\000E\000u\000c\000l\000i\000d\000e\000a\000n\000\040\000S\000p\000a\000c\000e}{section.2}% 5
\BOOKMARK [2][-]{subsection.2.4}{\376\377\000I\000n\000s\000t\000a\000n\000t\000o\000n\000\040\000C\000o\000n\000t\000r\000i\000b\000u\000t\000i\000o\000n\000\040\000t\000o\000\040\000t\000h\000e\000\040\000P\000a\000t\000h\000\040\000I\000n\000t\000e\000g\000r\000a\000l}{section.2}% 6
\BOOKMARK [2][-]{subsection.2.5}{\376\377\000T\000u\000n\000n\000e\000l\000i\000n\000g\000\040\000A\000m\000p\000l\000i\000t\000u\000d\000e\000,\000\040\000I\000n\000s\000t\000a\000n\000t\000o\000n\000\040\000A\000c\000t\000i\000o\000n\000\040\000a\000n\000d\000\040\000W\000K\000B\000\040\000A\000p\000p\000r\000o\000x\000i\000m\000a\000t\000i\000o\000n}{section.2}% 7
\BOOKMARK [1][-]{section.3}{\376\377\000Y\000a\000n\000g\000-\000M\000i\000l\000l\000s\000\040\000I\000n\000s\000t\000a\000n\000t\000o\000n}{}% 8
\BOOKMARK [2][-]{subsection.3.1}{\376\377\000c\000l\000a\000s\000s\000i\000c\000a\000l\000\040\000Y\000a\000n\000g\000-\000M\000i\000l\000l\000s\000\040\000t\000h\000e\000o\000r\000y\000:\000\040\000a\000c\000t\000i\000o\000n\000\040\000a\000n\000d\000\040\000e\000q\000u\000a\000t\000i\000o\000n\000s\000\040\000o\000f\000\040\000m\000o\000t\000i\000o\000n}{section.3}% 9
\BOOKMARK [2][-]{subsection.3.2}{\376\377\000H\000o\000d\000g\000e\000\040\000d\000e\000c\000o\000m\000p\000o\000s\000i\000t\000i\000o\000n\000\040\000a\000n\000d\000\040\000s\000e\000l\000f\000-\000d\000u\000a\000l\000\040\000e\000q\000u\000a\000t\000i\000o\000n}{section.3}% 10
\BOOKMARK [2][-]{subsection.3.3}{\376\377\000I\000n\000s\000t\000a\000n\000t\000o\000n\000\040\000a\000c\000t\000i\000o\000n\000\040\000o\000f\000\040\000\050\000a\000n\000t\000i\000-\000\051\000s\000e\000l\000f\000-\000d\000u\000a\000l\000\040\000s\000o\000l\000u\000t\000i\000o\000n\000s}{section.3}% 11
\BOOKMARK [2][-]{subsection.3.4}{\376\377\000E\000x\000p\000l\000i\000c\000i\000t\000\040\000c\000o\000n\000s\000t\000r\000u\000c\000t\000i\000o\000n\000\040\000o\000f\000\040\000i\000n\000s\000t\000a\000n\000t\000o\000n\000\040\000s\000o\000l\000u\000t\000i\000o\000n\000s\000,\000\040\000a\000n\000d\000\040\000t\000h\000e\000\040\000M\000o\000d\000u\000l\000i\000\040\000s\000p\000a\000c\000e}{section.3}% 12
\BOOKMARK [1][-]{section.4}{\376\377\000E\000f\000f\000e\000c\000t\000s\000\040\000o\000f\000\040\000I\000n\000s\000t\000a\000n\000t\000o\000n\000s\000\040\000i\000n\000\040\000r\000e\000a\000l\000\040\000w\000o\000r\000l\000d\000\040\000p\000h\000y\000s\000i\000c\000s}{}% 13
\BOOKMARK [2][-]{subsection.4.1}{\376\377\000I\000n\000s\000t\000a\000n\000t\000o\000n\000\040\000e\000f\000f\000e\000c\000t\000s\000\040\000i\000n\000\040\000Q\000C\000D}{section.4}% 14
\BOOKMARK [2][-]{subsection.4.2}{\376\377\000V\000a\000c\000c\000u\000m\000e\000\040\000s\000t\000r\000u\000c\000t\000u\000r\000e\000\040\000o\000f\000\040\000Q\000C\000D\000\040\000a\000n\000d\000\040\000T\000u\000n\000n\000e\000l\000i\000n\000g\000\040\000e\000f\000f\000e\000c\000t\000s}{section.4}% 15
\BOOKMARK [2][-]{subsection.4.3}{\376\377\000E\000a\000s\000y\000\040\000a\000n\000a\000l\000o\000g\000y\000:\000\040\000Q\000M\000\040\000o\000n\000\040\000a\000\040\000c\000i\000r\000c\000l\000e}{section.4}% 16
\BOOKMARK [2][-]{subsection.4.4}{\376\377\000-\000v\000a\000c\000u\000u\000m\000\040\000a\000n\000d\000\040\000-\000a\000n\000g\000l\000e}{section.4}% 17
\BOOKMARK [2][-]{subsection.4.5}{\376\377\000T\000h\000e\000\040\000U\000A\000\050\0001\000\051\000\040\000p\000r\000o\000b\000l\000e\000m\000\040\000a\000n\000d\000\040\000t\000h\000e\000\040\000'\000\040\000m\000e\000s\000o\000n}{section.4}% 18
\BOOKMARK [2][-]{subsection.4.6}{\376\377\000C\000h\000i\000r\000a\000l\000\040\000A\000n\000o\000m\000a\000l\000y\000\040\000a\000n\000d\000\040\000-\000v\000a\000c\000u\000u\000m}{section.4}% 19
\BOOKMARK [1][-]{section.5}{\376\377\000I\000n\000s\000t\000a\000n\000t\000o\000n\000\040\000e\000f\000f\000e\000c\000t\000s\000\040\000i\000n\000\040\000A\000x\000i\000o\000n\000\040\000p\000h\000t\000s\000i\000c\000s}{}% 20
\BOOKMARK [1][-]{section.6}{\376\377\000R\000e\000f\000e\000r\000e\000n\000c\000e\000s}{}% 21
